<?xml version="1.0" encoding="UTF-8"?>
<testng-results skipped="0" failed="0" ignored="0" total="3" passed="3">
  <reporter-output>
  </reporter-output>
  <suite name="Default suite" duration-ms="74" started-at="2021-10-31T23:50:34 EDT" finished-at="2021-10-31T23:50:34 EDT">
    <groups>
    </groups>
    <test name="Default test" duration-ms="74" started-at="2021-10-31T23:50:34 EDT" finished-at="2021-10-31T23:50:34 EDT">
      <class name="Selenium.Selenium.dataprovider.DataProvider">
        <test-method status="PASS" signature="setData(java.lang.String,java.lang.String)[pri:0, instance:Selenium.Selenium.dataprovider.DataProvider@568bf312]" name="setData" duration-ms="9" started-at="2021-10-31T23:50:34 EDT" data-provider="getData" finished-at="2021-10-31T23:50:34 EDT">
          <params>
            <param index="0">
              <value>
                <![CDATA[user1]]>
              </value>
            </param>
            <param index="1">
              <value>
                <![CDATA[pass]]>
              </value>
            </param>
          </params>
          <reporter-output>
          </reporter-output>
        </test-method> <!-- setData -->
        <test-method status="PASS" signature="setData(java.lang.String,java.lang.String)[pri:0, instance:Selenium.Selenium.dataprovider.DataProvider@568bf312]" name="setData" duration-ms="1" started-at="2021-10-31T23:50:34 EDT" data-provider="getData" finished-at="2021-10-31T23:50:34 EDT">
          <params>
            <param index="0">
              <value>
                <![CDATA[user2]]>
              </value>
            </param>
            <param index="1">
              <value>
                <![CDATA[abc]]>
              </value>
            </param>
          </params>
          <reporter-output>
          </reporter-output>
        </test-method> <!-- setData -->
        <test-method status="PASS" signature="setData(java.lang.String,java.lang.String)[pri:0, instance:Selenium.Selenium.dataprovider.DataProvider@568bf312]" name="setData" duration-ms="1" started-at="2021-10-31T23:50:34 EDT" data-provider="getData" finished-at="2021-10-31T23:50:34 EDT">
          <params>
            <param index="0">
              <value>
                <![CDATA[user3]]>
              </value>
            </param>
            <param index="1">
              <value>
                <![CDATA[xyz]]>
              </value>
            </param>
          </params>
          <reporter-output>
          </reporter-output>
        </test-method> <!-- setData -->
      </class> <!-- Selenium.Selenium.dataprovider.DataProvider -->
    </test> <!-- Default test -->
  </suite> <!-- Default suite -->
</testng-results>
