<?xml version="1.0" encoding="UTF-8"?>
<!-- Generated by org.testng.reporters.JUnitXMLReporter -->
<testsuite hostname="kwames-MacBook-Air.local" ignored="0" name="Default test" tests="3" failures="0" timestamp="2021-10-31T23:50:34 EDT" time="0.074" errors="0">
  <testcase name="setData" time="0.009" classname="Selenium.Selenium.dataprovider.DataProvider"/>
  <testcase name="setData" time="0.001" classname="Selenium.Selenium.dataprovider.DataProvider"/>
  <testcase name="setData" time="0.001" classname="Selenium.Selenium.dataprovider.DataProvider"/>
</testsuite> <!-- Default test -->
